{"C:\\Users\\Jean Pierre\\Documents\\Programacion\\Prueba\\Servidor\\database\\database.js": {"path":"C:\\Users\\Jean Pierre\\Documents\\Programacion\\Prueba\\Servidor\\database\\database.js","statementMap":{"0":{"start":{"line":3,"column":25},"end":{"line":7,"column":4}}},"fnMap":{},"branchMap":{},"s":{"0":1},"f":{},"b":{},"_coverageSchema":"1a1c01bbd47fc00a2c39e90264f33305004495a9","hash":"715578f24407e466158ef9001ab0f9307195c3ea"}
,"C:\\Users\\Jean Pierre\\Documents\\Programacion\\Prueba\\Servidor\\models\\Tweet.js": {"path":"C:\\Users\\Jean Pierre\\Documents\\Programacion\\Prueba\\Servidor\\models\\Tweet.js","statementMap":{"0":{"start":{"line":4,"column":21},"end":{"line":13,"column":2}}},"fnMap":{},"branchMap":{},"s":{"0":1},"f":{},"b":{},"_coverageSchema":"1a1c01bbd47fc00a2c39e90264f33305004495a9","hash":"da3cfa0631a3f17517f7c0bbb01a58884317a641"}
,"C:\\Users\\Jean Pierre\\Documents\\Programacion\\Prueba\\Servidor\\models\\Usuario.js": {"path":"C:\\Users\\Jean Pierre\\Documents\\Programacion\\Prueba\\Servidor\\models\\Usuario.js","statementMap":{"0":{"start":{"line":6,"column":23},"end":{"line":21,"column":2}},"1":{"start":{"line":24,"column":0},"end":{"line":24,"column":52}},"2":{"start":{"line":25,"column":0},"end":{"line":25,"column":54}}},"fnMap":{},"branchMap":{},"s":{"0":1,"1":1,"2":1},"f":{},"b":{},"_coverageSchema":"1a1c01bbd47fc00a2c39e90264f33305004495a9","hash":"9fcc70709dda09c3ae51e4d82fccddc15f263ca2"}
,"C:\\Users\\Jean Pierre\\Documents\\Programacion\\Prueba\\Servidor\\src\\app.js": {"path":"C:\\Users\\Jean Pierre\\Documents\\Programacion\\Prueba\\Servidor\\src\\app.js","statementMap":{"0":{"start":{"line":2,"column":10},"end":{"line":2,"column":19}},"1":{"start":{"line":10,"column":0},"end":{"line":10,"column":24}},"2":{"start":{"line":11,"column":0},"end":{"line":11,"column":16}},"3":{"start":{"line":13,"column":0},"end":{"line":15,"column":2}},"4":{"start":{"line":14,"column":4},"end":{"line":14,"column":16}},"5":{"start":{"line":17,"column":0},"end":{"line":34,"column":2}},"6":{"start":{"line":19,"column":4},"end":{"line":31,"column":5}},"7":{"start":{"line":20,"column":22},"end":{"line":23,"column":10}},"8":{"start":{"line":25,"column":8},"end":{"line":25,"column":38}},"9":{"start":{"line":28,"column":8},"end":{"line":28,"column":57}},"10":{"start":{"line":30,"column":8},"end":{"line":30,"column":60}},"11":{"start":{"line":37,"column":0},"end":{"line":53,"column":2}},"12":{"start":{"line":38,"column":4},"end":{"line":52,"column":5}},"13":{"start":{"line":39,"column":22},"end":{"line":44,"column":10}},"14":{"start":{"line":45,"column":8},"end":{"line":47,"column":13}},"15":{"start":{"line":46,"column":12},"end":{"line":46,"column":52}},"16":{"start":{"line":48,"column":8},"end":{"line":48,"column":47}},"17":{"start":{"line":50,"column":8},"end":{"line":50,"column":57}},"18":{"start":{"line":51,"column":8},"end":{"line":51,"column":41}},"19":{"start":{"line":55,"column":0},"end":{"line":83,"column":3}},"20":{"start":{"line":56,"column":4},"end":{"line":82,"column":5}},"21":{"start":{"line":57,"column":23},"end":{"line":57,"column":38}},"22":{"start":{"line":58,"column":25},"end":{"line":58,"column":40}},"23":{"start":{"line":60,"column":8},"end":{"line":63,"column":9}},"24":{"start":{"line":61,"column":12},"end":{"line":61,"column":84}},"25":{"start":{"line":62,"column":12},"end":{"line":62,"column":19}},"26":{"start":{"line":65,"column":24},"end":{"line":70,"column":10}},"27":{"start":{"line":72,"column":8},"end":{"line":75,"column":9}},"28":{"start":{"line":73,"column":12},"end":{"line":73,"column":58}},"29":{"start":{"line":74,"column":12},"end":{"line":74,"column":19}},"30":{"start":{"line":77,"column":8},"end":{"line":77,"column":38}},"31":{"start":{"line":80,"column":8},"end":{"line":80,"column":57}},"32":{"start":{"line":81,"column":8},"end":{"line":81,"column":61}},"33":{"start":{"line":87,"column":0},"end":{"line":115,"column":3}},"34":{"start":{"line":88,"column":4},"end":{"line":114,"column":5}},"35":{"start":{"line":90,"column":8},"end":{"line":90,"column":30}},"36":{"start":{"line":91,"column":24},"end":{"line":96,"column":10}},"37":{"start":{"line":98,"column":8},"end":{"line":101,"column":9}},"38":{"start":{"line":99,"column":12},"end":{"line":99,"column":58}},"39":{"start":{"line":100,"column":12},"end":{"line":100,"column":19}},"40":{"start":{"line":103,"column":22},"end":{"line":106,"column":10}},"41":{"start":{"line":110,"column":8},"end":{"line":110,"column":36}},"42":{"start":{"line":112,"column":8},"end":{"line":112,"column":56}},"43":{"start":{"line":113,"column":8},"end":{"line":113,"column":61}},"44":{"start":{"line":118,"column":0},"end":{"line":161,"column":3}},"45":{"start":{"line":119,"column":4},"end":{"line":160,"column":5}},"46":{"start":{"line":120,"column":24},"end":{"line":125,"column":10}},"47":{"start":{"line":127,"column":8},"end":{"line":130,"column":9}},"48":{"start":{"line":128,"column":12},"end":{"line":128,"column":58}},"49":{"start":{"line":129,"column":12},"end":{"line":129,"column":19}},"50":{"start":{"line":132,"column":23},"end":{"line":136,"column":10}},"51":{"start":{"line":138,"column":8},"end":{"line":141,"column":9}},"52":{"start":{"line":139,"column":12},"end":{"line":139,"column":35}},"53":{"start":{"line":140,"column":12},"end":{"line":140,"column":19}},"54":{"start":{"line":145,"column":27},"end":{"line":148,"column":11}},"55":{"start":{"line":145,"column":48},"end":{"line":148,"column":9}},"56":{"start":{"line":150,"column":8},"end":{"line":155,"column":11}},"57":{"start":{"line":158,"column":8},"end":{"line":158,"column":60}},"58":{"start":{"line":159,"column":8},"end":{"line":159,"column":61}},"59":{"start":{"line":164,"column":0},"end":{"line":178,"column":2}},"60":{"start":{"line":165,"column":4},"end":{"line":177,"column":5}},"61":{"start":{"line":166,"column":20},"end":{"line":170,"column":10}},"62":{"start":{"line":172,"column":8},"end":{"line":172,"column":35}},"63":{"start":{"line":175,"column":8},"end":{"line":175,"column":54}},"64":{"start":{"line":176,"column":8},"end":{"line":176,"column":61}},"65":{"start":{"line":182,"column":0},"end":{"line":204,"column":3}},"66":{"start":{"line":183,"column":4},"end":{"line":203,"column":5}},"67":{"start":{"line":184,"column":8},"end":{"line":184,"column":35}},"68":{"start":{"line":186,"column":24},"end":{"line":196,"column":9}},"69":{"start":{"line":198,"column":8},"end":{"line":198,"column":54}},"70":{"start":{"line":201,"column":8},"end":{"line":201,"column":55}},"71":{"start":{"line":202,"column":8},"end":{"line":202,"column":61}}},"fnMap":{"0":{"name":"(anonymous_0)","decl":{"start":{"line":13,"column":18},"end":{"line":13,"column":19}},"loc":{"start":{"line":13,"column":29},"end":{"line":15,"column":1}},"line":13},"1":{"name":"(anonymous_1)","decl":{"start":{"line":17,"column":45},"end":{"line":17,"column":46}},"loc":{"start":{"line":17,"column":62},"end":{"line":34,"column":1}},"line":17},"2":{"name":"(anonymous_2)","decl":{"start":{"line":37,"column":30},"end":{"line":37,"column":31}},"loc":{"start":{"line":37,"column":46},"end":{"line":53,"column":1}},"line":37},"3":{"name":"(anonymous_3)","decl":{"start":{"line":55,"column":28},"end":{"line":55,"column":29}},"loc":{"start":{"line":55,"column":48},"end":{"line":83,"column":1}},"line":55},"4":{"name":"(anonymous_4)","decl":{"start":{"line":87,"column":27},"end":{"line":87,"column":28}},"loc":{"start":{"line":87,"column":47},"end":{"line":115,"column":1}},"line":87},"5":{"name":"(anonymous_5)","decl":{"start":{"line":118,"column":27},"end":{"line":118,"column":28}},"loc":{"start":{"line":118,"column":47},"end":{"line":161,"column":1}},"line":118},"6":{"name":"(anonymous_6)","decl":{"start":{"line":145,"column":38},"end":{"line":145,"column":39}},"loc":{"start":{"line":145,"column":48},"end":{"line":148,"column":9}},"line":145},"7":{"name":"(anonymous_7)","decl":{"start":{"line":164,"column":27},"end":{"line":164,"column":28}},"loc":{"start":{"line":164,"column":43},"end":{"line":178,"column":1}},"line":164},"8":{"name":"(anonymous_8)","decl":{"start":{"line":182,"column":26},"end":{"line":182,"column":27}},"loc":{"start":{"line":182,"column":46},"end":{"line":204,"column":1}},"line":182}},"branchMap":{"0":{"loc":{"start":{"line":45,"column":8},"end":{"line":47,"column":13}},"type":"if","locations":[{"start":{"line":45,"column":8},"end":{"line":47,"column":13}},{"start":{},"end":{}}],"line":45},"1":{"loc":{"start":{"line":60,"column":8},"end":{"line":63,"column":9}},"type":"if","locations":[{"start":{"line":60,"column":8},"end":{"line":63,"column":9}},{"start":{},"end":{}}],"line":60},"2":{"loc":{"start":{"line":60,"column":12},"end":{"line":60,"column":32}},"type":"binary-expr","locations":[{"start":{"line":60,"column":12},"end":{"line":60,"column":19}},{"start":{"line":60,"column":23},"end":{"line":60,"column":32}}],"line":60},"3":{"loc":{"start":{"line":72,"column":8},"end":{"line":75,"column":9}},"type":"if","locations":[{"start":{"line":72,"column":8},"end":{"line":75,"column":9}},{"start":{},"end":{}}],"line":72},"4":{"loc":{"start":{"line":98,"column":8},"end":{"line":101,"column":9}},"type":"if","locations":[{"start":{"line":98,"column":8},"end":{"line":101,"column":9}},{"start":{},"end":{}}],"line":98},"5":{"loc":{"start":{"line":127,"column":8},"end":{"line":130,"column":9}},"type":"if","locations":[{"start":{"line":127,"column":8},"end":{"line":130,"column":9}},{"start":{},"end":{}}],"line":127},"6":{"loc":{"start":{"line":138,"column":8},"end":{"line":141,"column":9}},"type":"if","locations":[{"start":{"line":138,"column":8},"end":{"line":141,"column":9}},{"start":{},"end":{}}],"line":138}},"s":{"0":1,"1":1,"2":1,"3":1,"4":0,"5":1,"6":0,"7":0,"8":0,"9":0,"10":0,"11":1,"12":0,"13":0,"14":0,"15":0,"16":0,"17":0,"18":0,"19":1,"20":4,"21":4,"22":4,"23":4,"24":1,"25":1,"26":3,"27":3,"28":2,"29":2,"30":1,"31":0,"32":0,"33":1,"34":0,"35":0,"36":0,"37":0,"38":0,"39":0,"40":0,"41":0,"42":0,"43":0,"44":1,"45":0,"46":0,"47":0,"48":0,"49":0,"50":0,"51":0,"52":0,"53":0,"54":0,"55":0,"56":0,"57":0,"58":0,"59":1,"60":0,"61":0,"62":0,"63":0,"64":0,"65":1,"66":0,"67":0,"68":0,"69":0,"70":0,"71":0},"f":{"0":0,"1":0,"2":0,"3":4,"4":0,"5":0,"6":0,"7":0,"8":0},"b":{"0":[0,0],"1":[1,3],"2":[4,3],"3":[2,1],"4":[0,0],"5":[0,0],"6":[0,0]},"_coverageSchema":"1a1c01bbd47fc00a2c39e90264f33305004495a9","hash":"d853a2b254d2737814d953d9136ce64ebf79512f"}
}
