TN:
SF:database\database.js
FNF:0
FNH:0
DA:3,1
LF:1
LH:1
BRF:0
BRH:0
end_of_record
TN:
SF:models\Tweet.js
FNF:0
FNH:0
DA:4,1
LF:1
LH:1
BRF:0
BRH:0
end_of_record
TN:
SF:models\Usuario.js
FNF:0
FNH:0
DA:6,1
DA:24,1
DA:25,1
LF:3
LH:3
BRF:0
BRH:0
end_of_record
TN:
SF:src\app.js
FN:13,(anonymous_0)
FN:17,(anonymous_1)
FN:37,(anonymous_2)
FN:55,(anonymous_3)
FN:87,(anonymous_4)
FN:118,(anonymous_5)
FN:145,(anonymous_6)
FN:164,(anonymous_7)
FN:182,(anonymous_8)
FNF:9
FNH:1
FNDA:0,(anonymous_0)
FNDA:0,(anonymous_1)
FNDA:0,(anonymous_2)
FNDA:4,(anonymous_3)
FNDA:0,(anonymous_4)
FNDA:0,(anonymous_5)
FNDA:0,(anonymous_6)
FNDA:0,(anonymous_7)
FNDA:0,(anonymous_8)
DA:2,1
DA:10,1
DA:11,1
DA:13,1
DA:14,0
DA:17,1
DA:19,0
DA:20,0
DA:25,0
DA:28,0
DA:30,0
DA:37,1
DA:38,0
DA:39,0
DA:45,0
DA:46,0
DA:48,0
DA:50,0
DA:51,0
DA:55,1
DA:56,4
DA:57,4
DA:58,4
DA:60,4
DA:61,1
DA:62,1
DA:65,3
DA:72,3
DA:73,2
DA:74,2
DA:77,1
DA:80,0
DA:81,0
DA:87,1
DA:88,0
DA:90,0
DA:91,0
DA:98,0
DA:99,0
DA:100,0
DA:103,0
DA:110,0
DA:112,0
DA:113,0
DA:118,1
DA:119,0
DA:120,0
DA:127,0
DA:128,0
DA:129,0
DA:132,0
DA:138,0
DA:139,0
DA:140,0
DA:145,0
DA:150,0
DA:158,0
DA:159,0
DA:164,1
DA:165,0
DA:166,0
DA:172,0
DA:175,0
DA:176,0
DA:182,1
DA:183,0
DA:184,0
DA:186,0
DA:198,0
DA:201,0
DA:202,0
LF:71
LH:22
BRDA:45,0,0,0
BRDA:45,0,1,0
BRDA:60,1,0,1
BRDA:60,1,1,3
BRDA:60,2,0,4
BRDA:60,2,1,3
BRDA:72,3,0,2
BRDA:72,3,1,1
BRDA:98,4,0,0
BRDA:98,4,1,0
BRDA:127,5,0,0
BRDA:127,5,1,0
BRDA:138,6,0,0
BRDA:138,6,1,0
BRF:14
BRH:6
end_of_record
